[2025-08-24 15:17:05,168] INFO [Broker id=1] Transitioning 6 partition(s) to local leaders. (state.change.logger)
[2025-08-24 15:17:05,178] INFO [Broker id=1] Creating new partition demo.orders-0 with topic id DO-MxASdQvK1gWdIMjBZbg. (state.change.logger)
[2025-08-24 15:17:05,222] INFO [Broker id=1] Leader demo.orders-0 with topic id Some(DO-MxASdQvK1gWdIMjBZbg) starts at leader epoch 2 from offset 0 with partition epoch 2, high watermark 0, ISR [1], adding replicas [] and removing replicas [] . Previous leader None and previous leader epoch was -1. (state.change.logger)
[2025-08-24 15:17:05,228] INFO [Broker id=1] Creating new partition demo.orders-1 with topic id DO-MxASdQvK1gWdIMjBZbg. (state.change.logger)
[2025-08-24 15:17:05,230] INFO [Broker id=1] Leader demo.orders-1 with topic id Some(DO-MxASdQvK1gWdIMjBZbg) starts at leader epoch 2 from offset 0 with partition epoch 2, high watermark 0, ISR [1], adding replicas [] and removing replicas [] . Previous leader None and previous leader epoch was -1. (state.change.logger)
[2025-08-24 15:17:05,233] INFO [Broker id=1] Creating new partition demo.orders-2 with topic id DO-MxASdQvK1gWdIMjBZbg. (state.change.logger)
[2025-08-24 15:17:05,234] INFO [Broker id=1] Leader demo.orders-2 with topic id Some(DO-MxASdQvK1gWdIMjBZbg) starts at leader epoch 2 from offset 0 with partition epoch 2, high watermark 0, ISR [1], adding replicas [] and removing replicas [] . Previous leader None and previous leader epoch was -1. (state.change.logger)
[2025-08-24 15:17:05,237] INFO [Broker id=1] Creating new partition lab.orders-0 with topic id Cir6k_qzQUmcJTezNUDiug. (state.change.logger)
[2025-08-24 15:17:05,239] INFO [Broker id=1] Leader lab.orders-0 with topic id Some(Cir6k_qzQUmcJTezNUDiug) starts at leader epoch 2 from offset 0 with partition epoch 2, high watermark 0, ISR [1], adding replicas [] and removing replicas [] . Previous leader None and previous leader epoch was -1. (state.change.logger)
[2025-08-24 15:17:05,241] INFO [Broker id=1] Creating new partition lab.orders-1 with topic id Cir6k_qzQUmcJTezNUDiug. (state.change.logger)
[2025-08-24 15:17:05,245] INFO [Broker id=1] Leader lab.orders-1 with topic id Some(Cir6k_qzQUmcJTezNUDiug) starts at leader epoch 2 from offset 0 with partition epoch 2, high watermark 0, ISR [1], adding replicas [] and removing replicas [] . Previous leader None and previous leader epoch was -1. (state.change.logger)
[2025-08-24 15:17:05,248] INFO [Broker id=1] Creating new partition lab.orders-2 with topic id Cir6k_qzQUmcJTezNUDiug. (state.change.logger)
[2025-08-24 15:17:05,249] INFO [Broker id=1] Leader lab.orders-2 with topic id Some(Cir6k_qzQUmcJTezNUDiug) starts at leader epoch 2 from offset 0 with partition epoch 2, high watermark 0, ISR [1], adding replicas [] and removing replicas [] . Previous leader None and previous leader epoch was -1. (state.change.logger)
[2025-08-24 15:17:13,319] INFO [Broker id=1] Transitioning 6 partition(s) to local followers. (state.change.logger)
[2025-08-24 15:17:13,326] INFO [Broker id=1] Follower demo.orders-0 starts at leader epoch 3 from offset 0 with partition epoch 3 and high watermark 0. Current leader is -1. Previous leader Some(-1) and previous leader epoch was 3. (state.change.logger)
[2025-08-24 15:17:13,327] INFO [Broker id=1] Follower demo.orders-1 starts at leader epoch 3 from offset 0 with partition epoch 3 and high watermark 0. Current leader is -1. Previous leader Some(-1) and previous leader epoch was 3. (state.change.logger)
[2025-08-24 15:17:13,327] INFO [Broker id=1] Follower demo.orders-2 starts at leader epoch 3 from offset 0 with partition epoch 3 and high watermark 0. Current leader is -1. Previous leader Some(-1) and previous leader epoch was 3. (state.change.logger)
[2025-08-24 15:17:13,327] INFO [Broker id=1] Follower lab.orders-0 starts at leader epoch 3 from offset 0 with partition epoch 3 and high watermark 0. Current leader is -1. Previous leader Some(-1) and previous leader epoch was 3. (state.change.logger)
[2025-08-24 15:17:13,327] INFO [Broker id=1] Follower lab.orders-1 starts at leader epoch 3 from offset 0 with partition epoch 3 and high watermark 0. Current leader is -1. Previous leader Some(-1) and previous leader epoch was 3. (state.change.logger)
[2025-08-24 15:17:13,327] INFO [Broker id=1] Follower lab.orders-2 starts at leader epoch 3 from offset 0 with partition epoch 3 and high watermark 0. Current leader is -1. Previous leader Some(-1) and previous leader epoch was 3. (state.change.logger)
[2025-08-24 15:17:13,329] INFO [Broker id=1] Stopped fetchers as part of become-follower for 6 partitions (state.change.logger)
[2025-08-24 15:17:13,333] INFO [Broker id=1] Started fetchers as part of become-follower for 6 partitions (state.change.logger)
[2025-08-24 15:17:15,537] INFO [Broker id=1] Transitioning 6 partition(s) to local leaders. (state.change.logger)
[2025-08-24 15:17:15,546] INFO [Broker id=1] Leader demo.orders-0 with topic id Some(DO-MxASdQvK1gWdIMjBZbg) starts at leader epoch 4 from offset 0 with partition epoch 4, high watermark 0, ISR [1], adding replicas [] and removing replicas [] . Previous leader Some(-1) and previous leader epoch was 3. (state.change.logger)
[2025-08-24 15:17:15,553] INFO [Broker id=1] Leader demo.orders-1 with topic id Some(DO-MxASdQvK1gWdIMjBZbg) starts at leader epoch 4 from offset 0 with partition epoch 4, high watermark 0, ISR [1], adding replicas [] and removing replicas [] . Previous leader Some(-1) and previous leader epoch was 3. (state.change.logger)
[2025-08-24 15:17:15,556] INFO [Broker id=1] Leader demo.orders-2 with topic id Some(DO-MxASdQvK1gWdIMjBZbg) starts at leader epoch 4 from offset 0 with partition epoch 4, high watermark 0, ISR [1], adding replicas [] and removing replicas [] . Previous leader Some(-1) and previous leader epoch was 3. (state.change.logger)
[2025-08-24 15:17:15,561] INFO [Broker id=1] Leader lab.orders-0 with topic id Some(Cir6k_qzQUmcJTezNUDiug) starts at leader epoch 4 from offset 0 with partition epoch 4, high watermark 0, ISR [1], adding replicas [] and removing replicas [] . Previous leader Some(-1) and previous leader epoch was 3. (state.change.logger)
[2025-08-24 15:17:15,565] INFO [Broker id=1] Leader lab.orders-1 with topic id Some(Cir6k_qzQUmcJTezNUDiug) starts at leader epoch 4 from offset 0 with partition epoch 4, high watermark 0, ISR [1], adding replicas [] and removing replicas [] . Previous leader Some(-1) and previous leader epoch was 3. (state.change.logger)
[2025-08-24 15:17:15,569] INFO [Broker id=1] Leader lab.orders-2 with topic id Some(Cir6k_qzQUmcJTezNUDiug) starts at leader epoch 4 from offset 0 with partition epoch 4, high watermark 0, ISR [1], adding replicas [] and removing replicas [] . Previous leader Some(-1) and previous leader epoch was 3. (state.change.logger)
[2025-08-24 15:28:02,579] INFO [Broker id=1] Transitioning 3 partition(s) to local leaders. (state.change.logger)
[2025-08-24 15:28:02,579] INFO [Broker id=1] Creating new partition demo-topic-2 with topic id k4aNnUMjRpGjG__v5ciNsw. (state.change.logger)
[2025-08-24 15:28:02,624] INFO [Broker id=1] Leader demo-topic-2 with topic id Some(k4aNnUMjRpGjG__v5ciNsw) starts at leader epoch 0 from offset 0 with partition epoch 0, high watermark 0, ISR [1], adding replicas [] and removing replicas [] . Previous leader None and previous leader epoch was -1. (state.change.logger)
[2025-08-24 15:28:02,627] INFO [Broker id=1] Creating new partition demo-topic-1 with topic id k4aNnUMjRpGjG__v5ciNsw. (state.change.logger)
[2025-08-24 15:28:02,634] INFO [Broker id=1] Leader demo-topic-1 with topic id Some(k4aNnUMjRpGjG__v5ciNsw) starts at leader epoch 0 from offset 0 with partition epoch 0, high watermark 0, ISR [1], adding replicas [] and removing replicas [] . Previous leader None and previous leader epoch was -1. (state.change.logger)
[2025-08-24 15:28:02,637] INFO [Broker id=1] Creating new partition demo-topic-0 with topic id k4aNnUMjRpGjG__v5ciNsw. (state.change.logger)
[2025-08-24 15:28:02,644] INFO [Broker id=1] Leader demo-topic-0 with topic id Some(k4aNnUMjRpGjG__v5ciNsw) starts at leader epoch 0 from offset 0 with partition epoch 0, high watermark 0, ISR [1], adding replicas [] and removing replicas [] . Previous leader None and previous leader epoch was -1. (state.change.logger)
